2025-02-20 13:54:00,629 - FiberTreeDemo - INFO - 开始模拟 1000 局五子棋游戏...
2025-02-20 13:54:00,630 - FiberTreeDemo - INFO - 创建新的决策树...
2025-02-20 13:57:05,978 - FiberTreeDemo - INFO - 已完成 100 局游戏, 速度: 0.54 游戏/秒, 树大小: 11061 节点
2025-02-20 14:00:01,829 - FiberTreeDemo - INFO - 已完成 200 局游戏, 速度: 0.55 游戏/秒, 树大小: 21449 节点
2025-02-20 14:03:24,940 - FiberTreeDemo - INFO - 已完成 300 局游戏, 速度: 0.53 游戏/秒, 树大小: 32673 节点
2025-02-20 14:06:43,990 - FiberTreeDemo - INFO - 已完成 400 局游戏, 速度: 0.52 游戏/秒, 树大小: 43628 节点
2025-02-20 14:10:03,341 - FiberTreeDemo - INFO - 已完成 500 局游戏, 速度: 0.52 游戏/秒, 树大小: 54504 节点
2025-02-20 14:13:20,829 - FiberTreeDemo - INFO - 已完成 600 局游戏, 速度: 0.52 游戏/秒, 树大小: 65281 节点
2025-02-20 14:16:42,232 - FiberTreeDemo - INFO - 已完成 700 局游戏, 速度: 0.51 游戏/秒, 树大小: 76150 节点
2025-02-20 14:50:41,765 - FiberTreeDemo - INFO - 开始模拟 1000 局五子棋游戏...
2025-02-20 14:50:41,765 - FiberTreeDemo - INFO - 创建新的决策树...
2025-02-20 14:54:11,697 - FiberTreeDemo - INFO - 已完成 100 局游戏, 速度: 0.48 游戏/秒, 树大小: 88011 节点
2025-02-20 14:57:42,275 - FiberTreeDemo - INFO - 已完成 200 局游戏, 速度: 0.48 游戏/秒, 树大小: 98832 节点
2025-02-20 15:01:06,245 - FiberTreeDemo - INFO - 已完成 300 局游戏, 速度: 0.48 游戏/秒, 树大小: 109523 节点
2025-02-20 15:04:34,727 - FiberTreeDemo - INFO - 已完成 400 局游戏, 速度: 0.48 游戏/秒, 树大小: 120432 节点
2025-02-20 15:07:59,991 - FiberTreeDemo - INFO - 已完成 500 局游戏, 速度: 0.48 游戏/秒, 树大小: 131134 节点
2025-02-20 15:11:26,719 - FiberTreeDemo - INFO - 已完成 600 局游戏, 速度: 0.48 游戏/秒, 树大小: 141860 节点
2025-02-20 15:14:55,052 - FiberTreeDemo - INFO - 已完成 700 局游戏, 速度: 0.48 游戏/秒, 树大小: 152679 节点
2025-02-20 15:18:26,051 - FiberTreeDemo - INFO - 已完成 800 局游戏, 速度: 0.48 游戏/秒, 树大小: 163433 节点
2025-02-20 15:21:59,011 - FiberTreeDemo - INFO - 已完成 900 局游戏, 速度: 0.48 游戏/秒, 树大小: 174259 节点
2025-02-20 15:25:41,015 - FiberTreeDemo - INFO - 已完成 1000 局游戏, 速度: 0.48 游戏/秒, 树大小: 185421 节点
2025-02-20 15:25:41,015 - FiberTreeDemo - INFO - 
模拟完成! 总用时: 2099.2 秒
2025-02-20 15:25:41,016 - FiberTreeDemo - INFO - 游戏结果: 黑胜: 512, 白胜: 488, 平局: 0
2025-02-20 15:25:41,027 - FiberTreeDemo - INFO - 树大小: 185421 节点
2025-02-20 15:25:41,036 - FiberTreeDemo - INFO - 修剪访问次数少于 2 的节点...
2025-02-20 15:26:29,062 - FiberTreeDemo - INFO - 修剪完成: 移除了 185173 个节点, 当前树大小: 248
2025-02-20 15:26:29,069 - FiberTreeDemo - INFO - 决策树已导出到 data\gomoku_tree_1000games.json
